[pierrelouis.webflow.io/index.html]
[backblue.gif]
[fade.gif]
[index.html]
[assets-global.website-files.com/61ba0d8d68d959d09b491aa4/css/pierrelouis.227195c91.min.css]
[assets-global.website-files.com/61ba0d8d68d959d09b491aa4/62b42a8b458c54217312e5d7_favicon-32x32.png]
[assets-global.website-files.com/61ba0d8d68d959d09b491aa4/62b42a8e8d0ecc76ad607759_favicon-256x256.png]
[assets-global.website-files.com/61ba0d8d68d959d09b491aa4/632c8d7e710706a7d835765a_device-dots.png]
[assets-global.website-files.com/61ba0d8d68d959d09b491aa4/6320e60ee6d124ee839c8ffe_618487de9301e40b017a5c85_texture-opti.jpg]
[assets-global.website-files.com/61ba0d8d68d959d09b491aa4/632d71d15867f648fad21525_bg-slider.png]
[assets-global.website-files.com/61ba0d8d68d959d09b491aa4/632c8d7ea1166b01587787ce_card-dots.png]
[assets-global.website-files.com/61ba0d8d68d959d09b491aa4/6324450310e9dbdee6894d9a_small__frame-01.png]
[assets-global.website-files.com/61ba0d8d68d959d09b491aa4/63244ebc0c3f22391801b0eb_small__cos.jpg]
[assets-global.website-files.com/61ba0d8d68d959d09b491aa4/63244ebe59df1080e14c9933_small__tiny-adventure.jpg]
[assets-global.website-files.com/61ba0d8d68d959d09b491aa4/63244ebee4e3ad28be4154ce_small__pn-5000.png]
[assets-global.website-files.com/61ba0d8d68d959d09b491aa4/63244ebc27235d3b5f2e0b87_small__kokoon-home.jpg]
[assets-global.website-files.com/61ba0d8d68d959d09b491aa4/63244ebe32e0b5bd1983e360_small__kokoon-section.jpg]
[assets-global.website-files.com/61ba0d8d68d959d09b491aa4/63244ebecd261274ed93a4ec_small__silkke.jpg]
[assets-global.website-files.com/61ba0d8d68d959d09b491aa4/63244ebe0c3f22483601b0f7_small__signao-home.jpg]
[assets-global.website-files.com/61ba0d8d68d959d09b491aa4/63244ebec454700873d4f272_small__swile-home.jpg]
[assets-global.website-files.com/61ba0d8d68d959d09b491aa4/63247e7e517c1b323f2b6ceb_small__tiny-landscape.jpg]
[assets-global.website-files.com/61ba0d8d68d959d09b491aa4/63247cacc45470aa01d70e86_small__walex.jpg]
[assets-global.website-files.com/61ba0d8d68d959d09b491aa4/63247e7ebeb2ff41d69a8555_small__tiny-title.jpg]
[assets-global.website-files.com/61ba0d8d68d959d09b491aa4/63247cacf83589e7d4c1f4c8_small__lombard-cuvee.jpg]
[assets-global.website-files.com/61ba0d8d68d959d09b491aa4/63247cac517c1b0cf82b5955_small__aim.jpg]
[assets-global.website-files.com/61ba0d8d68d959d09b491aa4/63247cac093efa567db8c0f2_small__charles.jpg]
[assets-global.website-files.com/61ba0d8d68d959d09b491aa4/63247cac613ea86fbcc935ea_small__lanvin.jpg]
[assets-global.website-files.com/61ba0d8d68d959d09b491aa4/62a847d71c96106c86646e73_bg-noise.png]
[d3e54v103j8qbb.cloudfront.net/js/jquery-3.5.1.min.dc5e7f18c884ed.js]
[assets-global.website-files.com/61ba0d8d68d959d09b491aa4/js/pierrelouis.bd7cc4d61.js]
[pierrelouis-portfolio-js.netlify.app/main.js]
[pierrelouis.webflow.io/index.html]
[assets-global.website-files.com/61ba0d8d68d959d09b491aa4/css/pierrelouis.227195c91.min.css]
[cdn.jsdelivr.net/npm/@splidejs/splide@3.2.2/dist/js/splide.min.js]
